Change Component Designator: OldDesignator=C? NewDesignator=C1
Change Component Designator: OldDesignator=C? NewDesignator=C2
Change Component Designator: OldDesignator=C? NewDesignator=C3
Change Component Designator: OldDesignator=C? NewDesignator=C4
Change Component Designator: OldDesignator=D? NewDesignator=D7
Change Component Designator: OldDesignator=D? NewDesignator=D8
Change Component Designator: OldDesignator=R? NewDesignator=R6
Change Component Designator: OldDesignator=R? NewDesignator=R8
Change Component Designator: OldDesignator=R? NewDesignator=R9
Change Component Designator: OldDesignator=R? NewDesignator=R10
Change Component Designator: OldDesignator=VR? NewDesignator=VR1
Added Component: Designator=P1(HDR1X2)
Add component. Clean all parameters for all variants
Add component (AddParameter): Name = "LatestRevisionDate"; Value = "17-Jul-2002"; VariantName = "[No Variations]"
Add component (AddParameter): Name = "LatestRevisionNote"; Value = "Re-released for DXP Platform."; VariantName = "[No Variations]"
Add component (AddParameter): Name = "Publisher"; Value = "Altium Limited"; VariantName = "[No Variations]"
Added Pin To Net: NetName=VCC3.3 Pin=P1-2
Change Net Name : Old Net Name=NetD?_A New Net Name=NetD7_A
Added Pin To Net: NetName=NetP1_1 Pin=P1-1
Added Pin To Net: NetName=NetP1_1 Pin=ZigBee-18
Added Net: Name=NetP1_1
Added Member To Class: ClassName=core_layer Member=Component C2 100uF (107) ¡À10% 6.3V
Added Member To Class: ClassName=core_layer Member=Component C3 100nF(104) 10% 50V
Added Member To Class: ClassName=core_layer Member=Component C4 100nF(104) 10% 50V
Added Member To Class: ClassName=core_layer Member=Component D8 B5819W  SL
Added Member To Class: ClassName=core_layer Member=Component P1 Header 2
Added Member To Class: ClassName=core_layer Member=Component R8 4.7K¦¸ (4701) ¡À1%
Added Member To Class: ClassName=core_layer Member=Component R9 4.7K¦¸ (4701) ¡À1%
Added Member To Class: ClassName=core_layer Member=Component R10 4.7K¦¸ (4701) ¡À1%
