Removed Pin From Net: NetName=VCC5 Pin=IIC1-1
Removed Pin From Net: NetName=IIC_SCL Pin=IIC1-2
Removed Pin From Net: NetName=IIC_SDA Pin=IIC1-3
Removed Pin From Net: NetName=GND Pin=IIC1-4
Removed Pin From Net: NetName=VCC5 Pin=SPI1-1
Removed Pin From Net: NetName=PB13 Pin=SPI1-2
Removed Pin From Net: NetName=PB14 Pin=SPI1-3
Removed Pin From Net: NetName=PB15 Pin=SPI1-4
Removed Pin From Net: NetName=GND Pin=SPI1-5
Removed Pin From Net: NetName=PA10 Pin=USART1-2
Removed Pin From Net: NetName=PA9 Pin=USART1-3
Removed Pin From Net: NetName=GND Pin=USART1-4
Removed Pin From Net: NetName=PA3 Pin=USART2-2
Removed Pin From Net: NetName=PA2 Pin=USART2-3
Removed Pin From Net: NetName=GND Pin=USART2-4
Removed Pin From Net: NetName=PB11 Pin=USART3-2
Removed Pin From Net: NetName=PB10 Pin=USART3-3
Removed Pin From Net: NetName=GND Pin=USART3-4
Removed Pin From Net: NetName=VCC3.3 Pin=V_USART_SELECT1-1
Removed Pin From Net: NetName=VCC5 Pin=V_USART_SELECT1-3
