Removed Pin From Net: NetName=PB5 Pin=P1-6
Removed Pin From Net: NetName=PB7 Pin=P1-7
Removed Pin From Net: NetName=IIC_SCL Pin=P1-8
Removed Pin From Net: NetName=IIC_SDA Pin=P1-9
Removed Pin From Net: NetName=GND Pin=P1-10
Removed Pin From Net: NetName=PC6 Pin=P1-11
Removed Pin From Net: NetName=PC7 Pin=P1-12
Removed Pin From Net: NetName=PC12 Pin=P1-13
Removed Pin From Net: NetName=GND Pin=P1-14
Change Component Footprint: Designator=P1 Old Footprint=HDR1X14 New Footprint=HDR1X13
Change Component Comment : Designator=P1 Old Comment=Header 14 New Comment=Header 13
Added Pin To Net: NetName=PB1 Pin=P1-6
Added Pin To Net: NetName=PB5 Pin=P1-7
Added Pin To Net: NetName=PB7 Pin=P1-8
Added Pin To Net: NetName=GND Pin=P1-9
Added Pin To Net: NetName=PC6 Pin=P1-10
Added Pin To Net: NetName=PC7 Pin=P1-11
Added Pin To Net: NetName=PC12 Pin=P1-12
Added Pin To Net: NetName=GND Pin=P1-13
Added Member To Class: ClassName=core_layer Member=Component M1 STM32F4&F7_CB
Added Room: Name=core_layer
