Removed Pin From Net: NetName=GND Pin=C2-1
Removed Pin From Net: NetName=VCC5 Pin=C2-2
Removed Pin From Net: NetName=GND Pin=C4-1
Removed Pin From Net: NetName=VCC3.3 Pin=C4-2
Removed Pin From Net: NetName=VCC5 Pin=IIC-1
Removed Pin From Net: NetName=IIC_SCL Pin=IIC-2
Removed Pin From Net: NetName=IIC_SDA Pin=IIC-3
Removed Pin From Net: NetName=GND Pin=IIC-4
Removed Pin From Net: NetName=VCC5 Pin=IO1-1
Removed Pin From Net: NetName=PA4 Pin=IO1-2
Removed Pin From Net: NetName=GND Pin=IO1-3
Removed Pin From Net: NetName=VCC5 Pin=IO2-1
Removed Pin From Net: NetName=PA5 Pin=IO2-2
Removed Pin From Net: NetName=GND Pin=IO2-3
Removed Pin From Net: NetName=VCC5 Pin=IO3-1
Removed Pin From Net: NetName=PA6 Pin=IO3-2
Removed Pin From Net: NetName=GND Pin=IO3-3
Removed Pin From Net: NetName=VCC5 Pin=IO4-1
Removed Pin From Net: NetName=PB5 Pin=IO4-2
Removed Pin From Net: NetName=GND Pin=IO4-3
Removed Pin From Net: NetName=VCC5 Pin=IO5-1
Removed Pin From Net: NetName=PB7 Pin=IO5-2
Removed Pin From Net: NetName=GND Pin=IO5-3
Removed Pin From Net: NetName=VCC5 Pin=IO6-1
Removed Pin From Net: NetName=PB8 Pin=IO6-2
Removed Pin From Net: NetName=GND Pin=IO6-3
Removed Pin From Net: NetName=VCC5 Pin=IO7-1
Removed Pin From Net: NetName=PB9 Pin=IO7-2
Removed Pin From Net: NetName=GND Pin=IO7-3
Removed Pin From Net: NetName=VCC5 Pin=IO8-1
Removed Pin From Net: NetName=PC6 Pin=IO8-2
Removed Pin From Net: NetName=GND Pin=IO8-3
Removed Pin From Net: NetName=VCC5 Pin=IO9-1
Removed Pin From Net: NetName=PC7 Pin=IO9-2
Removed Pin From Net: NetName=GND Pin=IO9-3
Removed Pin From Net: NetName=VCC5 Pin=IO10-1
Removed Pin From Net: NetName=PC12 Pin=IO10-2
Removed Pin From Net: NetName=GND Pin=IO10-3
Removed Pin From Net: NetName=VCC5 Pin=SPI-1
Removed Pin From Net: NetName=PB13 Pin=SPI-2
Removed Pin From Net: NetName=PB14 Pin=SPI-3
Removed Pin From Net: NetName=PB15 Pin=SPI-4
Removed Pin From Net: NetName=GND Pin=SPI-5
Removed Pin From Net: NetName=VCC3.3 Pin=V_USART_SELECT-1
Removed Pin From Net: NetName=V_USART Pin=V_USART_SELECT-2
Removed Pin From Net: NetName=VCC5 Pin=V_USART_SELECT-3
Removed Member From Class: ClassName=Sheet1 Member=IIC
Removed Member From Class: ClassName=Sheet1 Member=IO1
Removed Member From Class: ClassName=Sheet1 Member=IO2
Removed Member From Class: ClassName=Sheet1 Member=IO3
Removed Member From Class: ClassName=Sheet1 Member=IO4
Removed Member From Class: ClassName=Sheet1 Member=IO5
Removed Member From Class: ClassName=Sheet1 Member=IO6
Removed Member From Class: ClassName=Sheet1 Member=IO7
Removed Member From Class: ClassName=Sheet1 Member=IO8
Removed Member From Class: ClassName=Sheet1 Member=IO9
Removed Member From Class: ClassName=Sheet1 Member=IO10
Removed Member From Class: ClassName=Sheet1 Member=SPI
Removed Member From Class: ClassName=Sheet1 Member=USART1
Removed Member From Class: ClassName=Sheet1 Member=USART2
Removed Member From Class: ClassName=Sheet1 Member=USART3
Removed Member From Class: ClassName=Sheet1 Member=V_USART_SELECT
Change Component Footprint: Designator=C5 Old Footprint=C-RAD-0603 New Footprint=C-RAD-0805
Change Component Footprint: Designator=C4 Old Footprint=C-RAD-0603 New Footprint=C-RB-S6
Change Component Footprint: Designator=C2 Old Footprint=C-RAD-0805 New Footprint=C-RB-S6
Change Component Comment : Designator=C2 Old Comment=Cap New Comment=Cap Pol
Change Component Comment : Designator=C4 Old Comment=Cap New Comment=Cap Pol
Change component parameters. Clean all parameters for all variants
Change component parameters (AddParameter): Name = "LatestRevisionDate"; Value = "17-Jul-2002"; VariantName = "[No Variations]"
Change component parameters (AddParameter): Name = "LatestRevisionNote"; Value = "Re-released for DXP Platform."; VariantName = "[No Variations]"
Change component parameters (AddParameter): Name = "PackageReference"; Value = "RB7.6-15"; VariantName = "[No Variations]"
Change component parameters (AddParameter): Name = "Published"; Value = "8-Jun-2000"; VariantName = "[No Variations]"
Change component parameters (AddParameter): Name = "Publisher"; Value = "Altium Limited"; VariantName = "[No Variations]"
Change component parameters (AddParameter): Name = "Value"; Value = "100uF"; VariantName = "[No Variations]"
Change component parameters (AddParameter): Name = "Vol"; Value = "16V"; VariantName = "[No Variations]"
Change component parameters. Clean all parameters for all variants
Change component parameters (AddParameter): Name = "LatestRevisionDate"; Value = "17-Jul-2002"; VariantName = "[No Variations]"
Change component parameters (AddParameter): Name = "LatestRevisionNote"; Value = "Re-released for DXP Platform."; VariantName = "[No Variations]"
Change component parameters (AddParameter): Name = "PackageReference"; Value = "RB7.6-15"; VariantName = "[No Variations]"
Change component parameters (AddParameter): Name = "Published"; Value = "8-Jun-2000"; VariantName = "[No Variations]"
Change component parameters (AddParameter): Name = "Publisher"; Value = "Altium Limited"; VariantName = "[No Variations]"
Change component parameters (AddParameter): Name = "Value"; Value = "100uF"; VariantName = "[No Variations]"
Change component parameters (AddParameter): Name = "Vol"; Value = "16V"; VariantName = "[No Variations]"
Added Component: Designator=IIC1(HDR1X4)
Add component. Clean all parameters for all variants
Add component (AddParameter): Name = "LatestRevisionDate"; Value = "17-Jul-2002"; VariantName = "[No Variations]"
Add component (AddParameter): Name = "LatestRevisionNote"; Value = "Re-released for DXP Platform."; VariantName = "[No Variations]"
Add component (AddParameter): Name = "Publisher"; Value = "Altium Limited"; VariantName = "[No Variations]"
Added Component: Designator=P1(HDR1X20)
Add component. Clean all parameters for all variants
Add component (AddParameter): Name = "LatestRevisionDate"; Value = "17-Jul-2002"; VariantName = "[No Variations]"
Add component (AddParameter): Name = "LatestRevisionNote"; Value = "Re-released for DXP Platform."; VariantName = "[No Variations]"
Add component (AddParameter): Name = "Publisher"; Value = "Altium Limited"; VariantName = "[No Variations]"
Added Component: Designator=P2(HDR1X20)
Add component. Clean all parameters for all variants
Add component (AddParameter): Name = "LatestRevisionDate"; Value = "17-Jul-2002"; VariantName = "[No Variations]"
Add component (AddParameter): Name = "LatestRevisionNote"; Value = "Re-released for DXP Platform."; VariantName = "[No Variations]"
Add component (AddParameter): Name = "Publisher"; Value = "Altium Limited"; VariantName = "[No Variations]"
Added Component: Designator=SPI1(HDR1X5)
Add component. Clean all parameters for all variants
Add component (AddParameter): Name = "LatestRevisionDate"; Value = "17-Jul-2002"; VariantName = "[No Variations]"
Add component (AddParameter): Name = "LatestRevisionNote"; Value = "Re-released for DXP Platform."; VariantName = "[No Variations]"
Add component (AddParameter): Name = "Publisher"; Value = "Altium Limited"; VariantName = "[No Variations]"
Added Component: Designator=V_USART_SELECT1(HDR1X3)
Add component. Clean all parameters for all variants
Add component (AddParameter): Name = "LatestRevisionDate"; Value = "17-Jul-2002"; VariantName = "[No Variations]"
Add component (AddParameter): Name = "LatestRevisionNote"; Value = "Re-released for DXP Platform."; VariantName = "[No Variations]"
Add component (AddParameter): Name = "Publisher"; Value = "Altium Limited"; VariantName = "[No Variations]"
Added Pin To Net: NetName=VCC5 Pin=C2-1
Added Pin To Net: NetName=GND Pin=C2-2
Added Pin To Net: NetName=VCC3.3 Pin=C4-1
Added Pin To Net: NetName=GND Pin=C4-2
Added Pin To Net: NetName=VCC5 Pin=IIC1-1
Added Pin To Net: NetName=IIC_SCL Pin=IIC1-2
Added Pin To Net: NetName=IIC_SDA Pin=IIC1-3
Added Pin To Net: NetName=GND Pin=IIC1-4
Added Pin To Net: NetName=VCC5 Pin=P1-1
Added Pin To Net: NetName=PA9 Pin=P1-2
Added Pin To Net: NetName=PA10 Pin=P1-3
Added Pin To Net: NetName=GND Pin=P1-4
Added Pin To Net: NetName=PA2 Pin=P1-5
Added Pin To Net: NetName=PA3 Pin=P1-6
Added Pin To Net: NetName=GND Pin=P1-7
Added Pin To Net: NetName=PB10 Pin=P1-8
Added Pin To Net: NetName=PB11 Pin=P1-9
Added Pin To Net: NetName=GND Pin=P1-10
Added Pin To Net: NetName=PB15 Pin=P1-11
Added Pin To Net: NetName=PB14 Pin=P1-12
Added Pin To Net: NetName=PB13 Pin=P1-13
Added Pin To Net: NetName=GND Pin=P1-14
Added Pin To Net: NetName=IIC_SCL Pin=P1-15
Added Pin To Net: NetName=IIC_SDA Pin=P1-16
Added Pin To Net: NetName=GND Pin=P1-17
Added Pin To Net: NetName=GND Pin=P1-18
Added Pin To Net: NetName=GND Pin=P1-19
Added Pin To Net: NetName=VCC5 Pin=P1-20
Added Pin To Net: NetName=VCC5 Pin=P2-1
Added Pin To Net: NetName=PA4 Pin=P2-2
Added Pin To Net: NetName=PA5 Pin=P2-3
Added Pin To Net: NetName=PA6 Pin=P2-4
Added Pin To Net: NetName=GND Pin=P2-5
Added Pin To Net: NetName=PB5 Pin=P2-6
Added Pin To Net: NetName=PB7 Pin=P2-7
Added Pin To Net: NetName=PB8 Pin=P2-8
Added Pin To Net: NetName=PB9 Pin=P2-9
Added Pin To Net: NetName=GND Pin=P2-10
Added Pin To Net: NetName=PC6 Pin=P2-11
Added Pin To Net: NetName=PC7 Pin=P2-12
Added Pin To Net: NetName=PC12 Pin=P2-13
Added Pin To Net: NetName=GND Pin=P2-14
Added Pin To Net: NetName=VCC5 Pin=SPI1-1
Added Pin To Net: NetName=PB13 Pin=SPI1-2
Added Pin To Net: NetName=PB14 Pin=SPI1-3
Added Pin To Net: NetName=PB15 Pin=SPI1-4
Added Pin To Net: NetName=GND Pin=SPI1-5
Added Pin To Net: NetName=VCC3.3 Pin=V_USART_SELECT1-1
Added Pin To Net: NetName=V_USART Pin=V_USART_SELECT1-2
Added Pin To Net: NetName=VCC5 Pin=V_USART_SELECT1-3
Change Class Name : Old Net Name=Sheet1 New Net Name=core_layer
Added Class: Name=Interface_layer
Added Member To Class: ClassName=core_layer Member=Component P1 Header 20
Added Member To Class: ClassName=core_layer Member=Component P2 Header 20
Added Room: Name=core_layer
Added Room: Name=Interface_layer
