Change Component Designator: Old Designator=C? New Designator=C1
Change Component Designator: Old Designator=C? New Designator=C2
Change Component Designator: Old Designator=C? New Designator=C3
Change Component Designator: Old Designator=C? New Designator=C4
Change Component Designator: Old Designator=C? New Designator=C5
Change Component Designator: Old Designator=D? New Designator=D1
Change Component Designator: Old Designator=D? New Designator=D2
Change Component Designator: Old Designator=D? New Designator=D3
Change Component Designator: Old Designator=D? New Designator=D4
Change Component Designator: Old Designator=D? New Designator=D5
Change Component Designator: Old Designator=D? New Designator=D6
Change Component Designator: Old Designator=D? New Designator=D7
Change Component Designator: Old Designator=IO? New Designator=IO2
Change Component Designator: Old Designator=IO? New Designator=IO3
Change Component Designator: Old Designator=IO? New Designator=IO4
Change Component Designator: Old Designator=IO? New Designator=IO5
Change Component Designator: Old Designator=IO? New Designator=IO6
Change Component Designator: Old Designator=IO? New Designator=IO7
Change Component Designator: Old Designator=IO? New Designator=IO8
Change Component Designator: Old Designator=IO? New Designator=IO9
Change Component Designator: Old Designator=IO? New Designator=IO10
Change Component Designator: Old Designator=M? New Designator=M1
Change Component Designator: Old Designator=R? New Designator=R1
Change Component Designator: Old Designator=R? New Designator=R2
Change Component Designator: Old Designator=R? New Designator=R3
Change Component Designator: Old Designator=R? New Designator=R4
Change Component Designator: Old Designator=R? New Designator=R5
Change Component Designator: Old Designator=R? New Designator=R6
Change Component Designator: Old Designator=U? New Designator=U1
