Removed Pin From Net: NetName=VCC3.3 Pin=BOOT-1
Removed Pin From Net: NetName=VCC3.3 Pin=BOOT-2
Removed Pin From Net: NetName=GND Pin=BOOT-5
Removed Pin From Net: NetName=GND Pin=BOOT-6
Removed Pin From Net: NetName=SWCLK Pin=SWD-1
Removed Pin From Net: NetName=SWIO Pin=SWD-2
Removed Pin From Net: NetName=GND Pin=SWD-3
Removed Pin From Net: NetName=VCC3.3 Pin=SWD-4
Removed Member From Class: ClassName=Sheet2 Member=BOOT
Removed Member From Class: ClassName=Sheet2 Member=SWD
Added Component: Designator=P?(HDR1X6)
Add component. Clean all parameters for all variants
Add component (AddParameter): Name = "LatestRevisionDate"; Value = "17-Jul-2002"; VariantName = "[No Variations]"
Add component (AddParameter): Name = "LatestRevisionNote"; Value = "Re-released for DXP Platform."; VariantName = "[No Variations]"
Add component (AddParameter): Name = "Publisher"; Value = "Altium Limited"; VariantName = "[No Variations]"
Added Component: Designator=TESTGND(TP-1.5)
Add component. Clean all parameters for all variants
Added Pin To Net: NetName=VCC3.3 Pin=P?-1
Added Pin To Net: NetName=SWCLK Pin=P?-2
Added Pin To Net: NetName=GND Pin=P?-3
Added Pin To Net: NetName=SWIO Pin=P?-4
Added Pin To Net: NetName=RESET Pin=P?-5
Added Pin To Net: NetName=GND Pin=R6-2
Added Pin To Net: NetName=GND Pin=R7-1
Added Pin To Net: NetName=GND Pin=TESTGND-1
Added Pin To Net: NetName=SWO Pin=CORE-39
Added Pin To Net: NetName=SWO Pin=P?-6
Added Net: Name=SWO
Added Member To Class: ClassName=Sheet2 Member=Component P? Header 6
Added Member To Class: ClassName=Sheet2 Member=Component TESTGND TEST POINT
Added Member To Class: ClassName=Sheet2 Member=Component ZigBee ZigBee XL2530-D01
Added Room: Name=Sheet2
