Removed Pin From Net: NetName=GND Pin=C1-2
Removed Pin From Net: NetName=VCC3.3 Pin=C2-1
Removed Pin From Net: NetName=GND Pin=C2-2
Removed Pin From Net: NetName=GND Pin=R1-2
Removed Pin From Net: NetName=GND Pin=TEST-1
Removed Pin From Net: NetName=VCC3.3 Pin=TEST-2
Removed Pin From Net: NetName=GND Pin=U1-1
Removed Pin From Net: NetName=VCC3.3 Pin=U1-2
Removed Member From Class: ClassName=Sheet2 Member=C1
Removed Member From Class: ClassName=Sheet2 Member=C2
Removed Member From Class: ClassName=Sheet2 Member=D1
Removed Member From Class: ClassName=Sheet2 Member=R1
Removed Member From Class: ClassName=Sheet2 Member=TEST
Removed Member From Class: ClassName=Sheet2 Member=U1
Change Component Comment : Designator=C3 Old Comment=104 New Comment=106
Change Component Comment : Designator=C4 Old Comment=104 New Comment=106
Change Component Designator: OldDesignator=VCC5-IN NewDesignator=VCC3.7-IN
Change component parameters. Clean all parameters for all variants
Change component parameters (AddParameter): Name = "LatestRevisionDate"; Value = "17-Jul-2002"; VariantName = "[No Variations]"
Change component parameters (AddParameter): Name = "LatestRevisionNote"; Value = "Re-released for DXP Platform."; VariantName = "[No Variations]"
Change component parameters (AddParameter): Name = "PackageReference"; Value = "AXIAL-0.4"; VariantName = "[No Variations]"
Change component parameters (AddParameter): Name = "Published"; Value = "8-Jun-2000"; VariantName = "[No Variations]"
Change component parameters (AddParameter): Name = "Publisher"; Value = "Altium Limited"; VariantName = "[No Variations]"
Change component parameters (AddParameter): Name = "Value"; Value = "10K"; VariantName = "[No Variations]"
Added Component: Designator=*(LC-SOT-23-5)
Add component. Clean all parameters for all variants
Added Component: Designator=C?(0805)
Add component. Clean all parameters for all variants
Added Component: Designator=TEST3.3(TP-1.5)
Add component. Clean all parameters for all variants
Added Pin To Net: NetName=GND Pin=*-2
Added Pin To Net: NetName=VCC3.3 Pin=*-5
Added Pin To Net: NetName=GND Pin=C?-1
Added Pin To Net: NetName=VCC3.3 Pin=TEST3.3-1
Added Pin To Net: NetName=Net*_1 Pin=*-1
Added Pin To Net: NetName=Net*_1 Pin=*-3
Added Pin To Net: NetName=Net*_1 Pin=C3-1
Added Pin To Net: NetName=Net*_1 Pin=D2-2
Added Net: Name=Net*_1
Added Pin To Net: NetName=Net*_4 Pin=*-4
Added Pin To Net: NetName=Net*_4 Pin=C?-2
Added Net: Name=Net*_4
Added Pin To Net: NetName=NetD2_1 Pin=D2-1
Added Pin To Net: NetName=NetD2_1 Pin=VCC3.7-IN-2
Added Net: Name=NetD2_1
Added Member To Class: ClassName=Sheet2 Member=Component * RT9193-33
Added Member To Class: ClassName=Sheet2 Member=Component C? 22nF
Added Member To Class: ClassName=Sheet2 Member=Component TEST3.3 TEST POINT
Added Room: Name=Sheet2
